File=html\alabama.html
File=html\alaska.html
File=html\arizona.html
File=html\arkansas.html
File=html\california.html
File=html\colorado.html
File=html\connecticut.html
File=html\delaware.html
File=html\florida.html
File=html\georgia.html
File=html\hawaii.html
File=html\idaho.html
File=html\illinois.html
File=html\indiana.html
File=html\iowa.html
File=html\kansas.html
File=html\kentucky.html
File=html\louisiana.html
File=html\maine.html
File=html\maryland.html
File=html\massachusetts.html
File=html\michigan.html
File=html\minnesota.html
File=html\mississippi.html
File=html\missouri.html
File=html\montana.html
File=html\nebraska.html
File=html\nevada.html
File=html\new-hampshire.html
File=html\new-jersey.html
File=html\new-mexico.html
File=html\new-york.html
File=html\north-carolina.html
File=html\north-dakota.html
File=html\ohio.html
File=html\oklahoma.html
File=html\oregon.html
File=html\pennsylvania.html
File=html\rhode-island.html
File=html\south-carolina.html
File=html\south-dakota.html
File=html\tennessee.html
File=html\texas.html
File=html\utah.html
File=html\vermont.html
File=html\virginia.html
File=html\washington.html
File=html\west-virginia.html
File=html\wisconsin.html
File=html\wyoming.html
