[command arg: -ANA]
[command arg: c:\git\dehilster-analyzers\Dictionaries\TLDs\]
[command arg: -WORK]
[command arg: c:\Users\David de Hilster\.vscode\extensions\dehilster.nlp-2.43.7\nlp-engine]
[command arg: c:\git\dehilster-analyzers\Dictionaries\TLDs\input\text01.txt]
[command arg: ]
[logfile: c:\Users\David de Hilster\.vscode\extensions\dehilster.nlp-2.43.7\nlp-engine\vtrun_logfile.out]
[rfbdir: c:\Users\David de Hilster\.vscode\extensions\dehilster.nlp-2.43.7\nlp-engine\data\rfb\spec]
[analyzer directory: c:\git\dehilster-analyzers\Dictionaries\TLDs\]
[analyzer name: ]
[rfb file: c:\Users\David de Hilster\.vscode\extensions\dehilster.nlp-2.43.7\nlp-engine\data\rfb\spec]
[log file: .\tmp\visualtext.log]
[spec directory: c:\git\dehilster-analyzers\Dictionaries\TLDs\\spec]
[spec file: c:\git\dehilster-analyzers\Dictionaries\TLDs\\spec\analyzer.seq]
[output directory: c:\git\dehilster-analyzers\Dictionaries\TLDs\\output]
[infile path: c:\git\dehilster-analyzers\Dictionaries\TLDs\input\text01.txt]
[outfile path: c:\git\dehilster-analyzers\Dictionaries\TLDs\\outfile.txt]
[Creating output directory: c:\git\dehilster-analyzers\Dictionaries\TLDs\input\text01.txt_log]
[outdir path: c:\git\dehilster-analyzers\Dictionaries\TLDs\input\text01.txt_log]
[AFTER VTRUN DELETE: ]
Active Algo count=1
