[command arg: -ANA]
[command arg: c:\git\dehilster-analyzers\KBtoKBB\States\]
[command arg: -WORK]
[command arg: c:\Users\dehida01\.vscode\extensions\dehilster.nlp-2.11.5\nlp-engine]
[command arg: c:\git\dehilster-analyzers\KBtoKBB\States\input\html]
[command arg: -SILENT]
[logfile: c:\Users\dehida01\.vscode\extensions\dehilster.nlp-2.11.5\nlp-engine\vtrun_logfile.out]
[rfbdir: c:\Users\dehida01\.vscode\extensions\dehilster.nlp-2.11.5\nlp-engine\data\rfb\spec]
[analyzer directory: c:\git\dehilster-analyzers\KBtoKBB\States\]
[analyzer name: ]
[rfb file: c:\Users\dehida01\.vscode\extensions\dehilster.nlp-2.11.5\nlp-engine\data\rfb\spec]
[spec directory: c:\git\dehilster-analyzers\KBtoKBB\States\\spec]
[spec file: c:\git\dehilster-analyzers\KBtoKBB\States\\spec\analyzer.seq]
[infile path: c:\git\dehilster-analyzers\KBtoKBB\States\input\html\alabama.html]
[outfile path: c:\git\dehilster-analyzers\KBtoKBB\States\\outfile.txt]
[outdir path: c:\git\dehilster-analyzers\KBtoKBB\States\\output]
[infile path: c:\git\dehilster-analyzers\KBtoKBB\States\input\html\alaska.html]
[outfile path: c:\git\dehilster-analyzers\KBtoKBB\States\\outfile.txt]
[outdir path: c:\git\dehilster-analyzers\KBtoKBB\States\\output]
[infile path: c:\git\dehilster-analyzers\KBtoKBB\States\input\html\arizona.html]
[outfile path: c:\git\dehilster-analyzers\KBtoKBB\States\\outfile.txt]
[outdir path: c:\git\dehilster-analyzers\KBtoKBB\States\\output]
[infile path: c:\git\dehilster-analyzers\KBtoKBB\States\input\html\arkansas.html]
[outfile path: c:\git\dehilster-analyzers\KBtoKBB\States\\outfile.txt]
[outdir path: c:\git\dehilster-analyzers\KBtoKBB\States\\output]
[infile path: c:\git\dehilster-analyzers\KBtoKBB\States\input\html\california.html]
[outfile path: c:\git\dehilster-analyzers\KBtoKBB\States\\outfile.txt]
[outdir path: c:\git\dehilster-analyzers\KBtoKBB\States\\output]
[infile path: c:\git\dehilster-analyzers\KBtoKBB\States\input\html\colorado.html]
[outfile path: c:\git\dehilster-analyzers\KBtoKBB\States\\outfile.txt]
[outdir path: c:\git\dehilster-analyzers\KBtoKBB\States\\output]
[infile path: c:\git\dehilster-analyzers\KBtoKBB\States\input\html\connecticut.html]
[outfile path: c:\git\dehilster-analyzers\KBtoKBB\States\\outfile.txt]
[outdir path: c:\git\dehilster-analyzers\KBtoKBB\States\\output]
[infile path: c:\git\dehilster-analyzers\KBtoKBB\States\input\html\delaware.html]
[outfile path: c:\git\dehilster-analyzers\KBtoKBB\States\\outfile.txt]
[outdir path: c:\git\dehilster-analyzers\KBtoKBB\States\\output]
[infile path: c:\git\dehilster-analyzers\KBtoKBB\States\input\html\florida.html]
[outfile path: c:\git\dehilster-analyzers\KBtoKBB\States\\outfile.txt]
[outdir path: c:\git\dehilster-analyzers\KBtoKBB\States\\output]
[infile path: c:\git\dehilster-analyzers\KBtoKBB\States\input\html\georgia.html]
[outfile path: c:\git\dehilster-analyzers\KBtoKBB\States\\outfile.txt]
[outdir path: c:\git\dehilster-analyzers\KBtoKBB\States\\output]
[infile path: c:\git\dehilster-analyzers\KBtoKBB\States\input\html\hawaii.html]
[outfile path: c:\git\dehilster-analyzers\KBtoKBB\States\\outfile.txt]
[outdir path: c:\git\dehilster-analyzers\KBtoKBB\States\\output]
[infile path: c:\git\dehilster-analyzers\KBtoKBB\States\input\html\idaho.html]
[outfile path: c:\git\dehilster-analyzers\KBtoKBB\States\\outfile.txt]
[outdir path: c:\git\dehilster-analyzers\KBtoKBB\States\\output]
[infile path: c:\git\dehilster-analyzers\KBtoKBB\States\input\html\illinois.html]
[outfile path: c:\git\dehilster-analyzers\KBtoKBB\States\\outfile.txt]
[outdir path: c:\git\dehilster-analyzers\KBtoKBB\States\\output]
[infile path: c:\git\dehilster-analyzers\KBtoKBB\States\input\html\indiana.html]
[outfile path: c:\git\dehilster-analyzers\KBtoKBB\States\\outfile.txt]
[outdir path: c:\git\dehilster-analyzers\KBtoKBB\States\\output]
[infile path: c:\git\dehilster-analyzers\KBtoKBB\States\input\html\iowa.html]
[outfile path: c:\git\dehilster-analyzers\KBtoKBB\States\\outfile.txt]
[outdir path: c:\git\dehilster-analyzers\KBtoKBB\States\\output]
[infile path: c:\git\dehilster-analyzers\KBtoKBB\States\input\html\kansas.html]
[outfile path: c:\git\dehilster-analyzers\KBtoKBB\States\\outfile.txt]
[outdir path: c:\git\dehilster-analyzers\KBtoKBB\States\\output]
[infile path: c:\git\dehilster-analyzers\KBtoKBB\States\input\html\kentucky.html]
[outfile path: c:\git\dehilster-analyzers\KBtoKBB\States\\outfile.txt]
[outdir path: c:\git\dehilster-analyzers\KBtoKBB\States\\output]
[infile path: c:\git\dehilster-analyzers\KBtoKBB\States\input\html\louisiana.html]
[outfile path: c:\git\dehilster-analyzers\KBtoKBB\States\\outfile.txt]
[outdir path: c:\git\dehilster-analyzers\KBtoKBB\States\\output]
[infile path: c:\git\dehilster-analyzers\KBtoKBB\States\input\html\maine.html]
[outfile path: c:\git\dehilster-analyzers\KBtoKBB\States\\outfile.txt]
[outdir path: c:\git\dehilster-analyzers\KBtoKBB\States\\output]
[infile path: c:\git\dehilster-analyzers\KBtoKBB\States\input\html\maryland.html]
[outfile path: c:\git\dehilster-analyzers\KBtoKBB\States\\outfile.txt]
[outdir path: c:\git\dehilster-analyzers\KBtoKBB\States\\output]
[infile path: c:\git\dehilster-analyzers\KBtoKBB\States\input\html\massachusetts.html]
[outfile path: c:\git\dehilster-analyzers\KBtoKBB\States\\outfile.txt]
[outdir path: c:\git\dehilster-analyzers\KBtoKBB\States\\output]
[infile path: c:\git\dehilster-analyzers\KBtoKBB\States\input\html\michigan.html]
[outfile path: c:\git\dehilster-analyzers\KBtoKBB\States\\outfile.txt]
[outdir path: c:\git\dehilster-analyzers\KBtoKBB\States\\output]
[infile path: c:\git\dehilster-analyzers\KBtoKBB\States\input\html\minnesota.html]
[outfile path: c:\git\dehilster-analyzers\KBtoKBB\States\\outfile.txt]
[outdir path: c:\git\dehilster-analyzers\KBtoKBB\States\\output]
[infile path: c:\git\dehilster-analyzers\KBtoKBB\States\input\html\mississippi.html]
[outfile path: c:\git\dehilster-analyzers\KBtoKBB\States\\outfile.txt]
[outdir path: c:\git\dehilster-analyzers\KBtoKBB\States\\output]
[infile path: c:\git\dehilster-analyzers\KBtoKBB\States\input\html\missouri.html]
[outfile path: c:\git\dehilster-analyzers\KBtoKBB\States\\outfile.txt]
[outdir path: c:\git\dehilster-analyzers\KBtoKBB\States\\output]
[infile path: c:\git\dehilster-analyzers\KBtoKBB\States\input\html\montana.html]
[outfile path: c:\git\dehilster-analyzers\KBtoKBB\States\\outfile.txt]
[outdir path: c:\git\dehilster-analyzers\KBtoKBB\States\\output]
[infile path: c:\git\dehilster-analyzers\KBtoKBB\States\input\html\nebraska.html]
[outfile path: c:\git\dehilster-analyzers\KBtoKBB\States\\outfile.txt]
[outdir path: c:\git\dehilster-analyzers\KBtoKBB\States\\output]
[infile path: c:\git\dehilster-analyzers\KBtoKBB\States\input\html\nevada.html]
[outfile path: c:\git\dehilster-analyzers\KBtoKBB\States\\outfile.txt]
[outdir path: c:\git\dehilster-analyzers\KBtoKBB\States\\output]
[infile path: c:\git\dehilster-analyzers\KBtoKBB\States\input\html\new-hampshire.html]
[outfile path: c:\git\dehilster-analyzers\KBtoKBB\States\\outfile.txt]
[outdir path: c:\git\dehilster-analyzers\KBtoKBB\States\\output]
[infile path: c:\git\dehilster-analyzers\KBtoKBB\States\input\html\new-jersey.html]
[outfile path: c:\git\dehilster-analyzers\KBtoKBB\States\\outfile.txt]
[outdir path: c:\git\dehilster-analyzers\KBtoKBB\States\\output]
[infile path: c:\git\dehilster-analyzers\KBtoKBB\States\input\html\new-mexico.html]
[outfile path: c:\git\dehilster-analyzers\KBtoKBB\States\\outfile.txt]
[outdir path: c:\git\dehilster-analyzers\KBtoKBB\States\\output]
[infile path: c:\git\dehilster-analyzers\KBtoKBB\States\input\html\new-york.html]
[outfile path: c:\git\dehilster-analyzers\KBtoKBB\States\\outfile.txt]
[outdir path: c:\git\dehilster-analyzers\KBtoKBB\States\\output]
[infile path: c:\git\dehilster-analyzers\KBtoKBB\States\input\html\north-carolina.html]
[outfile path: c:\git\dehilster-analyzers\KBtoKBB\States\\outfile.txt]
[outdir path: c:\git\dehilster-analyzers\KBtoKBB\States\\output]
[infile path: c:\git\dehilster-analyzers\KBtoKBB\States\input\html\north-dakota.html]
[outfile path: c:\git\dehilster-analyzers\KBtoKBB\States\\outfile.txt]
[outdir path: c:\git\dehilster-analyzers\KBtoKBB\States\\output]
[infile path: c:\git\dehilster-analyzers\KBtoKBB\States\input\html\ohio.html]
[outfile path: c:\git\dehilster-analyzers\KBtoKBB\States\\outfile.txt]
[outdir path: c:\git\dehilster-analyzers\KBtoKBB\States\\output]
[infile path: c:\git\dehilster-analyzers\KBtoKBB\States\input\html\oklahoma.html]
[outfile path: c:\git\dehilster-analyzers\KBtoKBB\States\\outfile.txt]
[outdir path: c:\git\dehilster-analyzers\KBtoKBB\States\\output]
[infile path: c:\git\dehilster-analyzers\KBtoKBB\States\input\html\oregon.html]
[outfile path: c:\git\dehilster-analyzers\KBtoKBB\States\\outfile.txt]
[outdir path: c:\git\dehilster-analyzers\KBtoKBB\States\\output]
[infile path: c:\git\dehilster-analyzers\KBtoKBB\States\input\html\pennsylvania.html]
[outfile path: c:\git\dehilster-analyzers\KBtoKBB\States\\outfile.txt]
[outdir path: c:\git\dehilster-analyzers\KBtoKBB\States\\output]
[infile path: c:\git\dehilster-analyzers\KBtoKBB\States\input\html\rhode-island.html]
[outfile path: c:\git\dehilster-analyzers\KBtoKBB\States\\outfile.txt]
[outdir path: c:\git\dehilster-analyzers\KBtoKBB\States\\output]
[infile path: c:\git\dehilster-analyzers\KBtoKBB\States\input\html\south-carolina.html]
[outfile path: c:\git\dehilster-analyzers\KBtoKBB\States\\outfile.txt]
[outdir path: c:\git\dehilster-analyzers\KBtoKBB\States\\output]
[infile path: c:\git\dehilster-analyzers\KBtoKBB\States\input\html\south-dakota.html]
[outfile path: c:\git\dehilster-analyzers\KBtoKBB\States\\outfile.txt]
[outdir path: c:\git\dehilster-analyzers\KBtoKBB\States\\output]
[infile path: c:\git\dehilster-analyzers\KBtoKBB\States\input\html\tennessee.html]
[outfile path: c:\git\dehilster-analyzers\KBtoKBB\States\\outfile.txt]
[outdir path: c:\git\dehilster-analyzers\KBtoKBB\States\\output]
[infile path: c:\git\dehilster-analyzers\KBtoKBB\States\input\html\texas.html]
[outfile path: c:\git\dehilster-analyzers\KBtoKBB\States\\outfile.txt]
[outdir path: c:\git\dehilster-analyzers\KBtoKBB\States\\output]
[infile path: c:\git\dehilster-analyzers\KBtoKBB\States\input\html\utah.html]
[outfile path: c:\git\dehilster-analyzers\KBtoKBB\States\\outfile.txt]
[outdir path: c:\git\dehilster-analyzers\KBtoKBB\States\\output]
[infile path: c:\git\dehilster-analyzers\KBtoKBB\States\input\html\vermont.html]
[outfile path: c:\git\dehilster-analyzers\KBtoKBB\States\\outfile.txt]
[outdir path: c:\git\dehilster-analyzers\KBtoKBB\States\\output]
[infile path: c:\git\dehilster-analyzers\KBtoKBB\States\input\html\virginia.html]
[outfile path: c:\git\dehilster-analyzers\KBtoKBB\States\\outfile.txt]
[outdir path: c:\git\dehilster-analyzers\KBtoKBB\States\\output]
[infile path: c:\git\dehilster-analyzers\KBtoKBB\States\input\html\washington.html]
[outfile path: c:\git\dehilster-analyzers\KBtoKBB\States\\outfile.txt]
[outdir path: c:\git\dehilster-analyzers\KBtoKBB\States\\output]
[infile path: c:\git\dehilster-analyzers\KBtoKBB\States\input\html\west-virginia.html]
[outfile path: c:\git\dehilster-analyzers\KBtoKBB\States\\outfile.txt]
[outdir path: c:\git\dehilster-analyzers\KBtoKBB\States\\output]
[infile path: c:\git\dehilster-analyzers\KBtoKBB\States\input\html\wisconsin.html]
[outfile path: c:\git\dehilster-analyzers\KBtoKBB\States\\outfile.txt]
[outdir path: c:\git\dehilster-analyzers\KBtoKBB\States\\output]
[infile path: c:\git\dehilster-analyzers\KBtoKBB\States\input\html\wyoming.html]
[outfile path: c:\git\dehilster-analyzers\KBtoKBB\States\\outfile.txt]
[outdir path: c:\git\dehilster-analyzers\KBtoKBB\States\\output]
[AFTER VTRUN DELETE: ]
